[debug] [2025-12-23T16:06:39.773Z] ----------------------------------------------------------------------
[debug] [2025-12-23T16:06:39.776Z] Command:       /Users/ishantsehrawat/.nvm/versions/node/v20.19.2/bin/node /Users/ishantsehrawat/.nvm/versions/node/v20.19.2/bin/firebase init
[debug] [2025-12-23T16:06:39.776Z] CLI Version:   15.1.0
[debug] [2025-12-23T16:06:39.777Z] Platform:      darwin
[debug] [2025-12-23T16:06:39.777Z] Node Version:  v20.19.2
[debug] [2025-12-23T16:06:39.777Z] Time:          Tue Dec 23 2025 21:36:39 GMT+0530 (India Standard Time)
[debug] [2025-12-23T16:06:39.777Z] ----------------------------------------------------------------------
[debug] 
[debug] [2025-12-23T16:06:39.778Z] >>> [apiv2][query] GET https://firebase-public.firebaseio.com/cli.json [none]
[info] 
     ######## #### ########  ######## ########     ###     ######  ########
     ##        ##  ##     ## ##       ##     ##  ##   ##  ##       ##
     ######    ##  ########  ######   ########  #########  ######  ######
     ##        ##  ##    ##  ##       ##     ## ##     ##       ## ##
     ##       #### ##     ## ######## ########  ##     ##  ######  ########

You're about to initialize a Firebase project in this directory:

  /Users/ishantsehrawat/Documents/code/oscar

[debug] [2025-12-23T16:06:41.132Z] <<< [apiv2][status] GET https://firebase-public.firebaseio.com/cli.json 200
[debug] [2025-12-23T16:06:41.133Z] <<< [apiv2][body] GET https://firebase-public.firebaseio.com/cli.json {"cloudBuildErrorAfter":1594252800000,"cloudBuildWarnAfter":1590019200000,"defaultNode10After":1594252800000,"minVersion":"3.0.5","node8DeploysDisabledAfter":1613390400000,"node8RuntimeDisabledAfter":1615809600000,"node8WarnAfter":1600128000000}
[info] 
=== Project Setup
[info] 
[info] First, let's associate this project directory with a Firebase project.
[info] You can create multiple project aliases by running firebase use --add, 
[info] 
[debug] [2025-12-23T16:07:59.475Z] > command requires scopes: ["email","openid","https://www.googleapis.com/auth/cloudplatformprojects.readonly","https://www.googleapis.com/auth/firebase","https://www.googleapis.com/auth/cloud-platform"]
[debug] [2025-12-23T16:07:59.476Z] > authorizing via signed-in user (ishantsehrawat75@gmail.com)
[debug] [2025-12-23T16:07:59.478Z] Checked if tokens are valid: false, expires at: 1748645570657
[debug] [2025-12-23T16:07:59.478Z] Checked if tokens are valid: false, expires at: 1748645570657
[debug] [2025-12-23T16:07:59.479Z] > refreshing access token with scopes: []
[debug] [2025-12-23T16:07:59.480Z] >>> [apiv2][query] POST https://www.googleapis.com/oauth2/v3/token [none]
[debug] [2025-12-23T16:07:59.480Z] >>> [apiv2][body] POST https://www.googleapis.com/oauth2/v3/token [omitted]
[debug] [2025-12-23T16:07:59.712Z] <<< [apiv2][status] POST https://www.googleapis.com/oauth2/v3/token 400
[debug] [2025-12-23T16:07:59.712Z] <<< [apiv2][body] POST https://www.googleapis.com/oauth2/v3/token [omitted]
[debug] [2025-12-23T16:07:59.713Z] >>> [apiv2][query] GET https://firebase.googleapis.com/v1beta1/projects pageSize=100
[debug] [2025-12-23T16:07:59.896Z] <<< [apiv2][status] GET https://firebase.googleapis.com/v1beta1/projects 401
[debug] [2025-12-23T16:07:59.896Z] <<< [apiv2][body] GET https://firebase.googleapis.com/v1beta1/projects [omitted]
[debug] [2025-12-23T16:07:59.897Z] Got a 401 Unauthenticated error for a call that required authentication. Refreshing tokens.
[debug] [2025-12-23T16:07:59.897Z] Checked if tokens are valid: false, expires at: 1748645570657
[debug] [2025-12-23T16:07:59.897Z] Checked if tokens are valid: false, expires at: 1748645570657
[debug] [2025-12-23T16:07:59.897Z] > refreshing access token with scopes: []
[debug] [2025-12-23T16:07:59.898Z] >>> [apiv2][query] POST https://www.googleapis.com/oauth2/v3/token [none]
[debug] [2025-12-23T16:07:59.898Z] >>> [apiv2][body] POST https://www.googleapis.com/oauth2/v3/token [omitted]
[debug] [2025-12-23T16:08:00.010Z] <<< [apiv2][status] POST https://www.googleapis.com/oauth2/v3/token 400
[debug] [2025-12-23T16:08:00.010Z] <<< [apiv2][body] POST https://www.googleapis.com/oauth2/v3/token [omitted]
[debug] [2025-12-23T16:08:00.012Z] Request to https://firebase.googleapis.com/v1beta1/projects?pageSize=100 had HTTP Error: 401, Request had invalid authentication credentials. Expected OAuth 2 access token, login cookie or other valid authentication credential. See https://developers.google.com/identity/sign-in/web/devconsole-project.
[debug] [2025-12-23T16:08:00.424Z] FirebaseError: Request to https://firebase.googleapis.com/v1beta1/projects?pageSize=100 had HTTP Error: 401, Request had invalid authentication credentials. Expected OAuth 2 access token, login cookie or other valid authentication credential. See https://developers.google.com/identity/sign-in/web/devconsole-project.
    at responseToError (/Users/ishantsehrawat/.nvm/versions/node/v20.19.2/lib/node_modules/firebase-tools/lib/responseToError.js:53:12)
    at RetryOperation._fn (/Users/ishantsehrawat/.nvm/versions/node/v20.19.2/lib/node_modules/firebase-tools/lib/apiv2.js:322:77)
    at process.processTicksAndRejections (node:internal/process/task_queues:95:5)
[error] 
[error] Error: Failed to list Firebase projects. See firebase-debug.log for more info.
